============================= test session starts =============================
platform win32 -- Python 3.13.12, pytest-9.0.3, pluggy-1.5.0
rootdir: E:\Projects\20260522-4DVarNets-sea-current
configfile: pytest.ini
collected 18 items

tests\test_metrics.py .......                                            [ 38%]
tests\test_natl60.py ......                                              [ 72%]
tests\test_losses.py ...                                                 [ 88%]
tests\test_config.py ..                                                  [100%]

============================== warnings summary ===============================
..\..\Miniconda3\Lib\site-packages\_pytest\config\__init__.py:837
  E:\Miniconda3\Lib\site-packages\_pytest\config\__init__.py:837: PytestAssertRewriteWarning: Module already imported so cannot be rewritten; pytest
    self.import_plugin(arg, consider_entry_points=True)

-- Docs: https://docs.pytest.org/en/stable/how-to/capture-warnings.html
======================== 18 passed, 1 warning in 8.69s ========================
