============================= test session starts =============================
platform win32 -- Python 3.10.13, pytest-9.1.1, pluggy-1.6.0
rootdir: E:\Projects\20260522-4DVarNets-sea-current
configfile: pytest.ini
collected 40 items

tests\test_config.py ..                                                  [  5%]
tests\test_losses.py ....                                                [ 15%]
tests\test_metrics.py .......                                            [ 32%]
tests\test_model.py .....                                                [ 45%]
tests\test_natl60.py ......                                              [ 60%]
tests\test_physics.py .........                                          [ 82%]
tests\test_real.py ....                                                  [ 92%]
tests\test_synthetic.py .                                                [ 95%]
tests\test_training.py ..                                                [100%]

============================= 40 passed in 54.82s =============================
